<?xml version="1.0" encoding="UTF-8"?>
<coverage generated="1638232216616" clover="3.2.0">
  <project timestamp="1638232216616" name="All files">
    <metrics statements="12" coveredstatements="12" conditionals="2" coveredconditionals="2" methods="5" coveredmethods="5" elements="19" coveredelements="19" complexity="0" loc="12" ncloc="12" packages="1" files="2" classes="2"/>
    <file name="Account.js" path="/Users/rodrigobranas/development/workspace/branas/t4/cccat4_test_patterns/dist/src/Account.js">
      <metrics statements="9" coveredstatements="9" conditionals="2" coveredconditionals="2" methods="4" coveredmethods="4"/>
      <line num="2" count="1" type="stmt"/>
      <line num="5" count="7" type="stmt"/>
      <line num="6" count="7" type="stmt"/>
      <line num="9" count="4" type="cond" truecount="2" falsecount="0"/>
      <line num="10" count="2" type="stmt"/>
      <line num="12" count="4" type="stmt"/>
      <line num="15" count="1" type="stmt"/>
      <line num="18" count="7" type="stmt"/>
      <line num="21" count="1" type="stmt"/>
    </file>
    <file name="CurrencyAPIFake.js" path="/Users/rodrigobranas/development/workspace/branas/t4/cccat4_test_patterns/dist/src/CurrencyAPIFake.js">
      <metrics statements="3" coveredstatements="3" conditionals="0" coveredconditionals="0" methods="1" coveredmethods="1"/>
      <line num="2" count="1" type="stmt"/>
      <line num="5" count="1" type="stmt"/>
      <line num="8" count="1" type="stmt"/>
    </file>
  </project>
</coverage>
